<?xml version="1.0" encoding="UTF-8"?>
<testsuite name="test.PhpTravelsCheckData" tests="1" skipped="0" failures="0" errors="0" timestamp="2020-01-10T13:58:33" hostname="PSOFKA0246" time="26.402">
  <properties/>
  <testcase name="singIn" classname="test.PhpTravelsCheckData" time="26.402"/>
  <system-out><![CDATA[]]></system-out>
  <system-err><![CDATA[0 [Test worker] INFO com.github.javafaker.Faker - Using default locale en
Starting ChromeDriver 79.0.3945.36 (3582db32b33893869b8c1339e8f4d9ed1816f143-refs/branch-heads/3945@{#614}) on port 40800
Only local connections are allowed.
Please protect ports used by ChromeDriver and related test frameworks to prevent access by malicious code.
[1578664716.828][WARNING]: Timed out connecting to Chrome, retrying...
ene 10, 2020 8:58:38 AM org.openqa.selenium.remote.ProtocolHandshake createSession
INFORMACIÓN: Detected dialect: W3C
]]></system-err>
</testsuite>
