<?xml version="1.0" encoding="UTF-8"?>
<testsuite name="test.PhpTravelsCheckData" tests="1" skipped="0" failures="0" errors="0" timestamp="2020-01-06T23:45:17" hostname="PSOFKA0246" time="33.2">
  <properties/>
  <testcase name="guests" classname="test.PhpTravelsCheckData" time="33.2"/>
  <system-out><![CDATA[]]></system-out>
  <system-err><![CDATA[0 [Test worker] INFO com.github.javafaker.Faker - Using default locale en
Starting ChromeDriver 79.0.3945.36 (3582db32b33893869b8c1339e8f4d9ed1816f143-refs/branch-heads/3945@{#614}) on port 19605
Only local connections are allowed.
Please protect ports used by ChromeDriver and related test frameworks to prevent access by malicious code.
[1578354321.515][WARNING]: Timed out connecting to Chrome, retrying...
ene 06, 2020 6:45:23 PM org.openqa.selenium.remote.ProtocolHandshake createSession
INFORMACIÓN: Detected dialect: W3C
]]></system-err>
</testsuite>
